


ARM Macro Assembler    Page 1 


    1 00000000         ;/*
    2 00000000         ; * Copyright (c) 2013-2021 Arm Limited. All rights rese
                       rved.
    3 00000000         ; *
    4 00000000         ; * SPDX-License-Identifier: Apache-2.0
    5 00000000         ; *
    6 00000000         ; * Licensed under the Apache License, Version 2.0 (the 
                       License); you may
    7 00000000         ; * not use this file except in compliance with the Lice
                       nse.
    8 00000000         ; * You may obtain a copy of the License at
    9 00000000         ; *
   10 00000000         ; * www.apache.org/licenses/LICENSE-2.0
   11 00000000         ; *
   12 00000000         ; * Unless required by applicable law or agreed to in wr
                       iting, software
   13 00000000         ; * distributed under the License is distributed on an A
                       S IS BASIS, WITHOUT
   14 00000000         ; * WARRANTIES OR CONDITIONS OF ANY KIND, either express
                        or implied.
   15 00000000         ; * See the License for the specific language governing 
                       permissions and
   16 00000000         ; * limitations under the License.
   17 00000000         ; *
   18 00000000         ; * ----------------------------------------------------
                       -------------------------
   19 00000000         ; *
   20 00000000         ; * Project:     CMSIS-RTOS RTX
   21 00000000         ; * Title:       ARMv7-M Exception handlers
   22 00000000         ; *
   23 00000000         ; * ----------------------------------------------------
                       -------------------------
   24 00000000         ; */
   25 00000000         
   26 00000000         
   27 00000000                 IF               :LNOT::DEF:RTX_STACK_CHECK
   29                          ENDIF
   30 00000000         
   31 00000000                 IF               ({FPU}="FPv4-SP") || ({FPU}="VF
Pv4_D16") || ({FPU}="VFPv4_SP_D16") || ({FPU}="FPv5-SP") || ({FPU}="FPv5_D16")
   32 00000000 00000001 
                       FPU_USED
                               EQU              1
   33 00000000                 ELSE
   35                          ENDIF
   36 00000000         
   37 00000000 00000014 
                       I_T_RUN_OFS
                               EQU              20          ; osRtxInfo.thread.
                                                            run offset
   38 00000000 00000038 
                       TCB_SP_OFS
                               EQU              56          ; TCB.SP offset
   39 00000000 00000022 
                       TCB_SF_OFS
                               EQU              34          ; TCB.stack_frame o
                                                            ffset
   40 00000000         
   41 00000000 E000EF34 



ARM Macro Assembler    Page 2 


                       FPCCR   EQU              0xE000EF34  ; FPCCR Address
   42 00000000         
   44 00000000 00000001 
                       osRtxErrorStackOverflow
                               EQU              1           ; Stack overflow
   45 00000000         
   46 00000000         
   47 00000000                 PRESERVE8
   48 00000000                 THUMB
   49 00000000         
   50 00000000         
   51 00000000                 AREA             |.constdata|, DATA, READONLY
   52 00000000                 EXPORT           irqRtxLib
   53 00000000 00      irqRtxLib
                               DCB              0           ; Non weak library 
                                                            reference
   54 00000001         
   55 00000001         
   56 00000001                 AREA             |.text|, CODE, READONLY
   57 00000000         
   58 00000000         
   59 00000000         SVC_Handler
                               PROC
   60 00000000                 EXPORT           SVC_Handler
   61 00000000                 IMPORT           osRtxUserSVC
   62 00000000                 IMPORT           osRtxInfo
   63 00000000                 IF               RTX_STACK_CHECK != 0
   66                          ENDIF
   67 00000000         
   68 00000000 F01E 0F04       TST              LR,#0x04    ; Determine return 
                                                            stack from EXC_RETU
                                                            RN bit 2
   69 00000004 BF0C            ITE              EQ
   70 00000006 F3EF 8008       MRSEQ            R0,MSP      ; Get MSP if return
                                                             stack is MSP
   71 0000000A F3EF 8009       MRSNE            R0,PSP      ; Get PSP if return
                                                             stack is PSP
   72 0000000E         
   73 0000000E 6981            LDR              R1,[R0,#24] ; Load saved PC fro
                                                            m stack
   74 00000010 F811 1C02       LDRB             R1,[R1,#-2] ; Load SVC number
   75 00000014 2900            CMP              R1,#0       ; Check SVC number
   76 00000016 D132            BNE              SVC_User    ; Branch if not SVC
                                                             0
   77 00000018         
   78 00000018 B501            PUSH             {R0,LR}     ; Save SP and EXC_R
                                                            ETURN
   79 0000001A E890 100F       LDM              R0,{R0-R3,R12} ; Load function 
                                                            parameters and addr
                                                            ess from stack
   80 0000001E 47E0            BLX              R12         ; Call service func
                                                            tion
   81 00000020 E8BD 5000       POP              {R12,LR}    ; Restore SP and EX
                                                            C_RETURN
   82 00000024 F8CC 0000       STR              R0,[R12]    ; Store function re
                                                            turn value
   83 00000028         
   84 00000028         SVC_Context
   85 00000028 4B24            LDR              R3,=osRtxInfo+I_T_RUN_OFS ; Loa



ARM Macro Assembler    Page 3 


                                                            d address of osRtxI
                                                            nfo.thread.run
   86 0000002A E893 0006       LDM              R3,{R1,R2}  ; Load osRtxInfo.th
                                                            read.run: curr & ne
                                                            xt
   87 0000002E 4291            CMP              R1,R2       ; Check if thread s
                                                            witch is required
   88 00000030 BF08            IT               EQ
   89 00000032 4770            BXEQ             LR          ; Exit when threads
                                                             are the same
   90 00000034         
   91 00000034 601A            STR              R2,[R3]     ; osRtxInfo.thread.
                                                            run: curr = next
   92 00000036         
   93 00000036                 IF               FPU_USED != 0
   94 00000036 B941            CBNZ             R1,SVC_ContextSave ; Branch if 
                                                            running thread is n
                                                            ot deleted
   95 00000038         SVC_FP_LazyState
   96 00000038 F01E 0F10       TST              LR,#0x10    ; Determine stack f
                                                            rame from EXC_RETUR
                                                            N bit 4
   97 0000003C D110            BNE              SVC_ContextRestore ; Branch if 
                                                            not extended stack 
                                                            frame
   98 0000003E 4B20            LDR              R3,=FPCCR   ; FPCCR Address
   99 00000040 6818            LDR              R0,[R3]     ; Load FPCCR
  100 00000042 F020 0001       BIC              R0,R0,#1    ; Clear LSPACT (Laz
                                                            y state preservatio
                                                            n)
  101 00000046 6018            STR              R0,[R3]     ; Store FPCCR
  102 00000048 E00A            B                SVC_ContextRestore ; Branch to 
                                                            context restore han
                                                            dling
  103 0000004A                 ELSE
  105                          ENDIF
  106 0000004A         
  107 0000004A         SVC_ContextSave
  108 0000004A                 IF               RTX_STACK_CHECK != 0
  149 0000004A E92C 0FF0       STMDB            R12!,{R4-R11} ; Save R4..R11
  150 0000004E                 IF               FPU_USED != 0
  151 0000004E F01E 0F10       TST              LR,#0x10    ; Determine stack f
                                                            rame from EXC_RETUR
                                                            N bit 4
  152 00000052 BF08            IT               EQ          ; If extended stack
                                                             frame
  153 00000054 ED2C 8A10       VSTMDBEQ         R12!,{S16-S31} 
                                                            ;  Save VFP S16.S31
                                                            
  154 00000058 F881 E022       STRB             LR, [R1,#TCB_SF_OFS] ; Store st
                                                            ack frame informati
                                                            on
  155 0000005C                 ENDIF
  156 0000005C F8C1 C038       STR              R12,[R1,#TCB_SP_OFS] ; Store SP
                                                            
  157 00000060                 ENDIF
  158 00000060         
  159 00000060         SVC_ContextRestore
  160 00000060 6B90            LDR              R0,[R2,#TCB_SP_OFS] ; Load SP



ARM Macro Assembler    Page 4 


  161 00000062                 IF               FPU_USED != 0
  162 00000062 F892 1022       LDRB             R1,[R2,#TCB_SF_OFS] ; Load stac
                                                            k frame information
                                                            
  163 00000066 F061 0EFF       ORN              LR,R1,#0xFF ; Set EXC_RETURN
  164 0000006A F01E 0F10       TST              LR,#0x10    ; Determine stack f
                                                            rame from EXC_RETUR
                                                            N bit 4
  165 0000006E BF08            IT               EQ          ; If extended stack
                                                             frame
  166 00000070 ECB0 8A10       VLDMIAEQ         R0!,{S16-S31} ;  Restore VFP S1
                                                            6..S31
  167 00000074                 ELSE
  169                          ENDIF
  170 00000074 E8B0 0FF0       LDMIA            R0!,{R4-R11} ; Restore R4..R11
  171 00000078 F380 8809       MSR              PSP,R0      ; Set PSP
  172 0000007C         
  173 0000007C         SVC_Exit
  174 0000007C 4770            BX               LR          ; Exit from handler
                                                            
  175 0000007E         
  176 0000007E         SVC_User
  177 0000007E 4A11            LDR              R2,=osRtxUserSVC ; Load address
                                                             of SVC table
  178 00000080 6813            LDR              R3,[R2]     ; Load SVC maximum 
                                                            number
  179 00000082 4299            CMP              R1,R3       ; Check SVC number 
                                                            range
  180 00000084 D8FA            BHI              SVC_Exit    ; Branch if out of 
                                                            range
  181 00000086         
  182 00000086 B501            PUSH             {R0,LR}     ; Save SP and EXC_R
                                                            ETURN
  183 00000088 F852 C021       LDR              R12,[R2,R1,LSL #2] ; Load addre
                                                            ss of SVC function
  184 0000008C C80F            LDM              R0,{R0-R3}  ; Load function par
                                                            ameters from stack
  185 0000008E 47E0            BLX              R12         ; Call service func
                                                            tion
  186 00000090 E8BD 5000       POP              {R12,LR}    ; Restore SP and EX
                                                            C_RETURN
  187 00000094 F8CC 0000       STR              R0,[R12]    ; Store function re
                                                            turn value
  188 00000098         
  189 00000098 4770            BX               LR          ; Return from handl
                                                            er
  190 0000009A         
  191 0000009A 00 00           ALIGN
  192 0000009C                 ENDP
  193 0000009C         
  194 0000009C         
  195 0000009C         PendSV_Handler
                               PROC
  196 0000009C                 EXPORT           PendSV_Handler
  197 0000009C                 IMPORT           osRtxPendSV_Handler
  198 0000009C         
  199 0000009C B501            PUSH             {R0,LR}     ; Save EXC_RETURN
  200 0000009E F7FF FFFE       BL               osRtxPendSV_Handler ; Call osRt
                                                            xPendSV_Handler



ARM Macro Assembler    Page 5 


  201 000000A2 E8BD 4001       POP              {R0,LR}     ; Restore EXC_RETUR
                                                            N
  202 000000A6 F3EF 8C09       MRS              R12,PSP     ; Save PSP to R12
  203 000000AA E7BD            B                SVC_Context ; Branch to context
                                                             handling
  204 000000AC         
  205 000000AC                 ALIGN
  206 000000AC                 ENDP
  207 000000AC         
  208 000000AC         
  209 000000AC         SysTick_Handler
                               PROC
  210 000000AC                 EXPORT           SysTick_Handler
  211 000000AC                 IMPORT           osRtxTick_Handler
  212 000000AC         
  213 000000AC B501            PUSH             {R0,LR}     ; Save EXC_RETURN
  214 000000AE F7FF FFFE       BL               osRtxTick_Handler ; Call osRtxT
                                                            ick_Handler
  215 000000B2 E8BD 4001       POP              {R0,LR}     ; Restore EXC_RETUR
                                                            N
  216 000000B6 F3EF 8C09       MRS              R12,PSP     ; Save PSP to R12
  217 000000BA E7B5            B                SVC_Context ; Branch to context
                                                             handling
  218 000000BC         
  219 000000BC                 ALIGN
  220 000000BC                 ENDP
  221 000000BC         
  222 000000BC         
  223 000000BC                 END
              00000014 
              E000EF34 
              00000000 
Command Line: --debug --xref --diag_suppress=9931 --cpu=Cortex-M7.fp.sp --apcs=
interwork --depend=.\objects\irq_armv7m.d -o.\objects\irq_armv7m.o -I.\RTE\CMSI
S -I.\RTE\Compiler -I.\RTE\Device\STM32F746NGHx -I.\RTE\Hesso_pack -I.\RTE\_Tar
get_1 -IC:\Keil_v5\ARM\CMSIS\5.9.0\CMSIS\Core\Include -IC:\Keil_v5\ARM\CMSIS\5.
9.0\CMSIS\Driver\Include -IC:\Keil_v5\ARM\CMSIS\5.9.0\CMSIS\RTOS2\Include -IC:\
Keil_v5\ARM\CMSIS\5.9.0\CMSIS\RTOS2\RTX\Include -IC:\Keil_v5\HessoValais\Extens
ion_board\1.2.0\extension_board -IC:\Keil_v5\Keil\ARM_Compiler\1.7.2\Include -I
C:\Keil_v5\Keil\STM32F7xx_DFP\2.12.0\Drivers\CMSIS\Device\ST\STM32F7xx\Include 
-IC:\Keil_v5\Keil\STM32F7xx_DFP\2.12.0\Drivers\STM32F7xx_HAL_Driver\Inc -IC:\Ke
il_v5\uGFX\uGFX_lib\2.0.0\ugfx -IC:\Keil_v5\uGFX\uGFX_lib\2.0.0\ugfx\boards\bas
e\STM32F746-Discovery -IC:\Keil_v5\uGFX\uGFX_lib\2.0.0\ugfx\drivers\gdisp\STM32
LTDC -IC:\Keil_v5\uGFX\uGFX_lib\2.0.0\ugfx\drivers\ginput\touch\FT5336 -IC:\Kei
l_v5\uGFX\uGFX_lib\2.0.0\ugfx\src -IC:\Keil_v5\uGFX\uGFX_lib\2.0.0\ugfx\src\gad
c -IC:\Keil_v5\uGFX\uGFX_lib\2.0.0\ugfx\src\gaudio -IC:\Keil_v5\uGFX\uGFX_lib\2
.0.0\ugfx\src\gdisp -IC:\Keil_v5\uGFX\uGFX_lib\2.0.0\ugfx\src\gdisp\fonts -IC:\
Keil_v5\uGFX\uGFX_lib\2.0.0\ugfx\src\gdisp\mcufont -IC:\Keil_v5\uGFX\uGFX_lib\2
.0.0\ugfx\src\gdriver -IC:\Keil_v5\uGFX\uGFX_lib\2.0.0\ugfx\src\gevent -IC:\Kei
l_v5\uGFX\uGFX_lib\2.0.0\ugfx\src\gfile -IC:\Keil_v5\uGFX\uGFX_lib\2.0.0\ugfx\s
rc\ginput -IC:\Keil_v5\uGFX\uGFX_lib\2.0.0\ugfx\src\gmisc -IC:\Keil_v5\uGFX\uGF
X_lib\2.0.0\ugfx\src\gos -IC:\Keil_v5\uGFX\uGFX_lib\2.0.0\ugfx\src\gqueue -IC:\
Keil_v5\uGFX\uGFX_lib\2.0.0\ugfx\src\gtimer -IC:\Keil_v5\uGFX\uGFX_lib\2.0.0\ug
fx\src\gtrans -IC:\Keil_v5\uGFX\uGFX_lib\2.0.0\ugfx\src\gwin --predefine="__RTX
 SETA 1" --predefine="__UVISION_VERSION SETA 535" --predefine="_RTE_ SETA 1" --
predefine="STM32F746xx SETA 1" --predefine="_RTE_ SETA 1" --list=.\listings\irq
_armv7m.lst C:\Keil_v5\ARM\CMSIS\5.9.0\CMSIS\RTOS2\RTX\Source\ARM\irq_armv7m.s



ARM Macro Assembler    Page 1 Alphabetic symbol ordering
Relocatable symbols

.constdata 00000000

Symbol: .constdata
   Definitions
      At line 51 in file C:\Keil_v5\ARM\CMSIS\5.9.0\CMSIS\RTOS2\RTX\Source\ARM\
irq_armv7m.s
   Uses
      None
Comment: .constdata unused
irqRtxLib 00000000

Symbol: irqRtxLib
   Definitions
      At line 53 in file C:\Keil_v5\ARM\CMSIS\5.9.0\CMSIS\RTOS2\RTX\Source\ARM\
irq_armv7m.s
   Uses
      At line 52 in file C:\Keil_v5\ARM\CMSIS\5.9.0\CMSIS\RTOS2\RTX\Source\ARM\
irq_armv7m.s
Comment: irqRtxLib used once
2 symbols



ARM Macro Assembler    Page 1 Alphabetic symbol ordering
Relocatable symbols

.text 00000000

Symbol: .text
   Definitions
      At line 56 in file C:\Keil_v5\ARM\CMSIS\5.9.0\CMSIS\RTOS2\RTX\Source\ARM\
irq_armv7m.s
   Uses
      None
Comment: .text unused
PendSV_Handler 0000009C

Symbol: PendSV_Handler
   Definitions
      At line 195 in file C:\Keil_v5\ARM\CMSIS\5.9.0\CMSIS\RTOS2\RTX\Source\ARM
\irq_armv7m.s
   Uses
      At line 196 in file C:\Keil_v5\ARM\CMSIS\5.9.0\CMSIS\RTOS2\RTX\Source\ARM
\irq_armv7m.s
Comment: PendSV_Handler used once
SVC_Context 00000028

Symbol: SVC_Context
   Definitions
      At line 84 in file C:\Keil_v5\ARM\CMSIS\5.9.0\CMSIS\RTOS2\RTX\Source\ARM\
irq_armv7m.s
   Uses
      At line 203 in file C:\Keil_v5\ARM\CMSIS\5.9.0\CMSIS\RTOS2\RTX\Source\ARM
\irq_armv7m.s
      At line 217 in file C:\Keil_v5\ARM\CMSIS\5.9.0\CMSIS\RTOS2\RTX\Source\ARM
\irq_armv7m.s

SVC_ContextRestore 00000060

Symbol: SVC_ContextRestore
   Definitions
      At line 159 in file C:\Keil_v5\ARM\CMSIS\5.9.0\CMSIS\RTOS2\RTX\Source\ARM
\irq_armv7m.s
   Uses
      At line 97 in file C:\Keil_v5\ARM\CMSIS\5.9.0\CMSIS\RTOS2\RTX\Source\ARM\
irq_armv7m.s
      At line 102 in file C:\Keil_v5\ARM\CMSIS\5.9.0\CMSIS\RTOS2\RTX\Source\ARM
\irq_armv7m.s

SVC_ContextSave 0000004A

Symbol: SVC_ContextSave
   Definitions
      At line 107 in file C:\Keil_v5\ARM\CMSIS\5.9.0\CMSIS\RTOS2\RTX\Source\ARM
\irq_armv7m.s
   Uses
      At line 94 in file C:\Keil_v5\ARM\CMSIS\5.9.0\CMSIS\RTOS2\RTX\Source\ARM\
irq_armv7m.s
Comment: SVC_ContextSave used once
SVC_Exit 0000007C

Symbol: SVC_Exit
   Definitions
      At line 173 in file C:\Keil_v5\ARM\CMSIS\5.9.0\CMSIS\RTOS2\RTX\Source\ARM
\irq_armv7m.s



ARM Macro Assembler    Page 2 Alphabetic symbol ordering
Relocatable symbols

   Uses
      At line 180 in file C:\Keil_v5\ARM\CMSIS\5.9.0\CMSIS\RTOS2\RTX\Source\ARM
\irq_armv7m.s
Comment: SVC_Exit used once
SVC_FP_LazyState 00000038

Symbol: SVC_FP_LazyState
   Definitions
      At line 95 in file C:\Keil_v5\ARM\CMSIS\5.9.0\CMSIS\RTOS2\RTX\Source\ARM\
irq_armv7m.s
   Uses
      None
Comment: SVC_FP_LazyState unused
SVC_Handler 00000000

Symbol: SVC_Handler
   Definitions
      At line 59 in file C:\Keil_v5\ARM\CMSIS\5.9.0\CMSIS\RTOS2\RTX\Source\ARM\
irq_armv7m.s
   Uses
      At line 60 in file C:\Keil_v5\ARM\CMSIS\5.9.0\CMSIS\RTOS2\RTX\Source\ARM\
irq_armv7m.s
Comment: SVC_Handler used once
SVC_User 0000007E

Symbol: SVC_User
   Definitions
      At line 176 in file C:\Keil_v5\ARM\CMSIS\5.9.0\CMSIS\RTOS2\RTX\Source\ARM
\irq_armv7m.s
   Uses
      At line 76 in file C:\Keil_v5\ARM\CMSIS\5.9.0\CMSIS\RTOS2\RTX\Source\ARM\
irq_armv7m.s
Comment: SVC_User used once
SysTick_Handler 000000AC

Symbol: SysTick_Handler
   Definitions
      At line 209 in file C:\Keil_v5\ARM\CMSIS\5.9.0\CMSIS\RTOS2\RTX\Source\ARM
\irq_armv7m.s
   Uses
      At line 210 in file C:\Keil_v5\ARM\CMSIS\5.9.0\CMSIS\RTOS2\RTX\Source\ARM
\irq_armv7m.s
Comment: SysTick_Handler used once
10 symbols



ARM Macro Assembler    Page 1 Alphabetic symbol ordering
Absolute symbols

FPCCR E000EF34

Symbol: FPCCR
   Definitions
      At line 41 in file C:\Keil_v5\ARM\CMSIS\5.9.0\CMSIS\RTOS2\RTX\Source\ARM\
irq_armv7m.s
   Uses
      At line 98 in file C:\Keil_v5\ARM\CMSIS\5.9.0\CMSIS\RTOS2\RTX\Source\ARM\
irq_armv7m.s
Comment: FPCCR used once
FPU_USED 00000001

Symbol: FPU_USED
   Definitions
      At line 32 in file C:\Keil_v5\ARM\CMSIS\5.9.0\CMSIS\RTOS2\RTX\Source\ARM\
irq_armv7m.s
   Uses
      At line 93 in file C:\Keil_v5\ARM\CMSIS\5.9.0\CMSIS\RTOS2\RTX\Source\ARM\
irq_armv7m.s
      At line 150 in file C:\Keil_v5\ARM\CMSIS\5.9.0\CMSIS\RTOS2\RTX\Source\ARM
\irq_armv7m.s
      At line 161 in file C:\Keil_v5\ARM\CMSIS\5.9.0\CMSIS\RTOS2\RTX\Source\ARM
\irq_armv7m.s

I_T_RUN_OFS 00000014

Symbol: I_T_RUN_OFS
   Definitions
      At line 37 in file C:\Keil_v5\ARM\CMSIS\5.9.0\CMSIS\RTOS2\RTX\Source\ARM\
irq_armv7m.s
   Uses
      At line 85 in file C:\Keil_v5\ARM\CMSIS\5.9.0\CMSIS\RTOS2\RTX\Source\ARM\
irq_armv7m.s
Comment: I_T_RUN_OFS used once
RTX_STACK_CHECK 00000000

Symbol: RTX_STACK_CHECK
   Definitions
      At line 28 in file C:\Keil_v5\ARM\CMSIS\5.9.0\CMSIS\RTOS2\RTX\Source\ARM\
irq_armv7m.s
   Uses
      At line 63 in file C:\Keil_v5\ARM\CMSIS\5.9.0\CMSIS\RTOS2\RTX\Source\ARM\
irq_armv7m.s
      At line 108 in file C:\Keil_v5\ARM\CMSIS\5.9.0\CMSIS\RTOS2\RTX\Source\ARM
\irq_armv7m.s

TCB_SF_OFS 00000022

Symbol: TCB_SF_OFS
   Definitions
      At line 39 in file C:\Keil_v5\ARM\CMSIS\5.9.0\CMSIS\RTOS2\RTX\Source\ARM\
irq_armv7m.s
   Uses
      At line 154 in file C:\Keil_v5\ARM\CMSIS\5.9.0\CMSIS\RTOS2\RTX\Source\ARM
\irq_armv7m.s
      At line 162 in file C:\Keil_v5\ARM\CMSIS\5.9.0\CMSIS\RTOS2\RTX\Source\ARM
\irq_armv7m.s

TCB_SP_OFS 00000038



ARM Macro Assembler    Page 2 Alphabetic symbol ordering
Absolute symbols


Symbol: TCB_SP_OFS
   Definitions
      At line 38 in file C:\Keil_v5\ARM\CMSIS\5.9.0\CMSIS\RTOS2\RTX\Source\ARM\
irq_armv7m.s
   Uses
      At line 156 in file C:\Keil_v5\ARM\CMSIS\5.9.0\CMSIS\RTOS2\RTX\Source\ARM
\irq_armv7m.s
      At line 160 in file C:\Keil_v5\ARM\CMSIS\5.9.0\CMSIS\RTOS2\RTX\Source\ARM
\irq_armv7m.s

osRtxErrorStackOverflow 00000001

Symbol: osRtxErrorStackOverflow
   Definitions
      At line 44 in file C:\Keil_v5\ARM\CMSIS\5.9.0\CMSIS\RTOS2\RTX\Source\ARM\
irq_armv7m.s
   Uses
      None
Comment: osRtxErrorStackOverflow unused
7 symbols



ARM Macro Assembler    Page 1 Alphabetic symbol ordering
External symbols

osRtxInfo 00000000

Symbol: osRtxInfo
   Definitions
      At line 62 in file C:\Keil_v5\ARM\CMSIS\5.9.0\CMSIS\RTOS2\RTX\Source\ARM\
irq_armv7m.s
   Uses
      At line 85 in file C:\Keil_v5\ARM\CMSIS\5.9.0\CMSIS\RTOS2\RTX\Source\ARM\
irq_armv7m.s
Comment: osRtxInfo used once
osRtxPendSV_Handler 00000000

Symbol: osRtxPendSV_Handler
   Definitions
      At line 197 in file C:\Keil_v5\ARM\CMSIS\5.9.0\CMSIS\RTOS2\RTX\Source\ARM
\irq_armv7m.s
   Uses
      At line 200 in file C:\Keil_v5\ARM\CMSIS\5.9.0\CMSIS\RTOS2\RTX\Source\ARM
\irq_armv7m.s
Comment: osRtxPendSV_Handler used once
osRtxTick_Handler 00000000

Symbol: osRtxTick_Handler
   Definitions
      At line 211 in file C:\Keil_v5\ARM\CMSIS\5.9.0\CMSIS\RTOS2\RTX\Source\ARM
\irq_armv7m.s
   Uses
      At line 214 in file C:\Keil_v5\ARM\CMSIS\5.9.0\CMSIS\RTOS2\RTX\Source\ARM
\irq_armv7m.s
Comment: osRtxTick_Handler used once
osRtxUserSVC 00000000

Symbol: osRtxUserSVC
   Definitions
      At line 61 in file C:\Keil_v5\ARM\CMSIS\5.9.0\CMSIS\RTOS2\RTX\Source\ARM\
irq_armv7m.s
   Uses
      At line 177 in file C:\Keil_v5\ARM\CMSIS\5.9.0\CMSIS\RTOS2\RTX\Source\ARM
\irq_armv7m.s
Comment: osRtxUserSVC used once
4 symbols
361 symbols in table
